2026-02-17 07:54:24.955 [main] INFO  c.s.ShopjoyEcommerceSystemApplication - Starting ShopjoyEcommerceSystemApplication using Java 25.0.1 with PID 6916 (C:\Users\EugeneDokyeAnokye\IdeaProjects\spring-data-ecommerce\target\classes started by EugeneDokyeAnokye in C:\Users\EugeneDokyeAnokye\IdeaProjects\spring-data-ecommerce)
2026-02-17 07:54:24.961 [main] DEBUG c.s.ShopjoyEcommerceSystemApplication - Running with Spring Boot v4.0.2, Spring v7.0.3
2026-02-17 07:54:24.962 [main] INFO  c.s.ShopjoyEcommerceSystemApplication - The following 1 profile is active: "dev"
2026-02-17 07:54:25.641 [background-preinit] INFO  o.h.validator.internal.util.Version - HV000001: Hibernate Validator 9.0.1.Final
2026-02-17 07:54:27.735 [main] INFO  o.s.d.r.c.RepositoryConfigurationDelegate - Bootstrapping Spring Data JPA repositories in DEFAULT mode.
2026-02-17 07:54:28.090 [main] INFO  o.s.d.r.c.RepositoryConfigurationDelegate - Finished Spring Data repository scanning in 340 ms. Found 9 JPA repository interfaces.
2026-02-17 07:54:29.995 [main] INFO  o.s.boot.tomcat.TomcatWebServer - Tomcat initialized with port 8080 (http)
2026-02-17 07:54:30.015 [main] INFO  o.a.coyote.http11.Http11NioProtocol - Initializing ProtocolHandler ["http-nio-8080"]
2026-02-17 07:54:30.018 [main] INFO  o.a.catalina.core.StandardService - Starting service [Tomcat]
2026-02-17 07:54:30.018 [main] INFO  o.a.catalina.core.StandardEngine - Starting Servlet engine: [Apache Tomcat/11.0.15]
2026-02-17 07:54:30.141 [main] INFO  o.s.b.w.c.s.WebApplicationContextInitializer - Root WebApplicationContext: initialization completed in 5095 ms
2026-02-17 07:54:31.264 [main] INFO  org.hibernate.orm.jpa - HHH008540: Processing PersistenceUnitInfo [name: default]
2026-02-17 07:54:31.353 [main] INFO  org.hibernate.orm.core - HHH000001: Hibernate ORM core version 7.2.1.Final
2026-02-17 07:54:32.288 [main] INFO  o.s.o.j.p.SpringPersistenceUnitInfo - No LoadTimeWeaver setup: ignoring JPA class transformer
2026-02-17 07:54:32.364 [main] INFO  com.zaxxer.hikari.HikariDataSource - HikariPool-1 - Starting...
2026-02-17 07:54:32.888 [main] INFO  com.zaxxer.hikari.pool.HikariPool - HikariPool-1 - Added connection org.postgresql.jdbc.PgConnection@3f213e97
2026-02-17 07:54:32.891 [main] INFO  com.zaxxer.hikari.HikariDataSource - HikariPool-1 - Start completed.
2026-02-17 07:54:33.049 [main] INFO  o.hibernate.orm.connections.pooling - HHH10001005: Database info:
	Database JDBC URL [jdbc:postgresql://localhost:5432/shopjoy_db]
	Database driver: PostgreSQL JDBC Driver
	Database dialect: PostgreSQLDialect
	Database version: 18.1
	Default catalog/schema: shopjoy_db/public
	Autocommit mode: undefined/unknown
	Isolation level: READ_COMMITTED [default READ_COMMITTED]
	JDBC fetch size: none
	Pool: DataSourceConnectionProvider
	Minimum pool size: undefined/unknown
	Maximum pool size: undefined/unknown
2026-02-17 07:54:35.213 [main] INFO  org.hibernate.orm.core - HHH000489: No JTA platform available (set 'hibernate.transaction.jta.platform' to enable JTA platform integration)
2026-02-17 07:54:35.399 [main] INFO  o.s.o.j.LocalContainerEntityManagerFactoryBean - Initialized JPA EntityManagerFactory for persistence unit 'default'
2026-02-17 07:54:36.495 [main] INFO  o.s.d.j.r.q.QueryEnhancerFactories - Hibernate is in classpath; If applicable, HQL parser will be used.
